<?xml version="1.0" encoding="UTF-8"?>
<testng-results ignored="0" total="1" passed="1" failed="0" skipped="0">
  <reporter-output>
  </reporter-output>
  <suite started-at="2021-09-16T00:28:06 IST" name="Default suite" finished-at="2021-09-16T00:28:10 IST" duration-ms="4264">
    <groups>
    </groups>
    <test started-at="2021-09-16T00:28:06 IST" name="Default test" finished-at="2021-09-16T00:28:10 IST" duration-ms="4264">
      <class name="com.Serialization.SpecBuilder">
        <test-method signature="TestAddAPI()[pri:0, instance:com.Serialization.SpecBuilder@1e6454ec]" started-at="2021-09-16T00:28:06 IST" name="TestAddAPI" finished-at="2021-09-16T00:28:10 IST" duration-ms="4170" status="PASS">
          <reporter-output>
          </reporter-output>
        </test-method> <!-- TestAddAPI -->
      </class> <!-- com.Serialization.SpecBuilder -->
    </test> <!-- Default test -->
  </suite> <!-- Default suite -->
</testng-results>
